#
# There is insufficient memory for the Java Runtime Environment to continue.
# Native memory allocation (malloc) failed to allocate 784496 bytes for Chunk::new
# Possible reasons:
#   The system is out of physical RAM or swap space
#   In 32 bit mode, the process size limit was hit
# Possible solutions:
#   Reduce memory load on the system
#   Increase physical memory or swap space
#   Check if swap backing store is full
#   Use 64 bit Java on a 64 bit OS
#   Decrease Java heap size (-Xmx/-Xms)
#   Decrease number of Java threads
#   Decrease Java thread stack sizes (-Xss)
#   Set larger code cache with -XX:ReservedCodeCacheSize=
# This output file may be truncated or incomplete.
#
#  Out of Memory Error (allocation.cpp:328), pid=3740, tid=3340
#
# JRE version: 7.0_10-b18
# Java VM: Java HotSpot(TM) 64-Bit Server VM (23.6-b04 mixed mode windows-amd64 compressed oops)
# Failed to write core dump. Minidumps are not enabled by default on client versions of Windows
#

---------------  T H R E A D  ---------------

Current thread (0x0000000008bd9800):  JavaThread "C2 CompilerThread1" daemon [_thread_in_native, id=3340, stack(0x000000000a660000,0x000000000a760000)]

Stack: [0x000000000a660000,0x000000000a760000]

Current CompileTask:
C2:  13088  818   !         com.android.dx.cf.code.BytecodeArray::parseInstruction (2754 bytes)


---------------  P R O C E S S  ---------------

Java Threads: ( => current thread )
  0x0000000008bdb000 JavaThread "Service Thread" daemon [_thread_blocked, id=6136, stack(0x000000000a7b0000,0x000000000a8b0000)]
=>0x0000000008bd9800 JavaThread "C2 CompilerThread1" daemon [_thread_in_native, id=3340, stack(0x000000000a660000,0x000000000a760000)]
  0x0000000008bd7800 JavaThread "C2 CompilerThread0" daemon [_thread_in_native, id=6352, stack(0x000000000a420000,0x000000000a520000)]
  0x0000000008bd6800 JavaThread "Attach Listener" daemon [_thread_blocked, id=7016, stack(0x000000000a2c0000,0x000000000a3c0000)]
  0x0000000008bcd800 JavaThread "Signal Dispatcher" daemon [_thread_blocked, id=5008, stack(0x000000000a130000,0x000000000a230000)]
  0x00000000022f7000 JavaThread "Finalizer" daemon [_thread_blocked, id=5228, stack(0x0000000009fb0000,0x000000000a0b0000)]
  0x00000000022f0000 JavaThread "Reference Handler" daemon [_thread_blocked, id=6368, stack(0x0000000009d20000,0x0000000009e20000)]
  0x00000000021ff000 JavaThread "main" [_thread_in_native_trans, id=5072, stack(0x0000000002610000,0x0000000002710000)]

Other Threads:
  0x0000000008b52800 VMThread [stack: 0x0000000009ba0000,0x0000000009ca0000] [id=3484]
  0x0000000008bf0000 WatcherThread [stack: 0x000000000a8e0000,0x000000000a9e0000] [id=6784]

VM state:not at safepoint (normal execution)

VM Mutex/Monitor currently owned by a thread: None

Heap
 PSYoungGen      total 216448K, used 182859K [0x00000000eaab0000, 0x0000000100000000, 0x0000000100000000)
  eden space 194176K, 94% used [0x00000000eaab0000,0x00000000f5d42ed8,0x00000000f6850000)
  from space 22272K, 0% used [0x00000000f6850000,0x00000000f6850000,0x00000000f7e10000)
  to   space 38208K, 0% used [0x00000000fdab0000,0x00000000fdab0000,0x0000000100000000)
 ParOldGen       total 65536K, used 65535K [0x00000000c0000000, 0x00000000c4000000, 0x00000000eaab0000)
  object space 65536K, 99% used [0x00000000c0000000,0x00000000c3fffed8,0x00000000c4000000)
 PSPermGen       total 21248K, used 5600K [0x00000000bae00000, 0x00000000bc2c0000, 0x00000000c0000000)
  object space 21248K, 26% used [0x00000000bae00000,0x00000000bb378320,0x00000000bc2c0000)

Card table byte_map: [0x0000000005710000,0x0000000005940000] byte_map_base: 0x0000000005139000

Polling page: 0x0000000000240000

Code Cache  [0x0000000002710000, 0x0000000002a10000, 0x0000000005710000)
 total_blobs=1022 nmethods=791 adapters=182 free_code_cache=46263Kb largest_free_block=47201088

Compilation events (10 events):
